Flow report for One_bit_adder_subtractor
Wed Sep 06 23:45:14 2023
Quartus II Version 9.0 Build 132 02/25/2009 SJ Web Edition


---------------------
; Table of Contents ;
---------------------
  1. Legal Notice
  2. Flow Summary
  3. Flow Settings
  4. Flow Non-Default Global Settings
  5. Flow Elapsed Time
  6. Flow OS Summary
  7. Flow Log



----------------
; Legal Notice ;
----------------
Copyright (C) 1991-2009 Altera Corporation
Your use of Altera Corporation's design tools, logic functions 
and other software and tools, and its AMPP partner logic 
functions, and any output files from any of the foregoing 
(including device programming or simulation files), and any 
associated documentation or information are expressly subject 
to the terms and conditions of the Altera Program License 
Subscription Agreement, Altera MegaCore Function License 
Agreement, or other applicable license agreement, including, 
without limitation, that your use is for the sole purpose of 
programming logic devices manufactured by Altera and sold by 
Altera or its authorized distributors.  Please refer to the 
applicable agreement for further details.



+------------------------------------------------------------------------------+
; Flow Summary                                                                 ;
+------------------------------------+-----------------------------------------+
; Flow Status                        ; Successful - Wed Sep 06 23:45:14 2023   ;
; Quartus II Version                 ; 9.0 Build 132 02/25/2009 SJ Web Edition ;
; Revision Name                      ; One_bit_adder_subtractor                ;
; Top-level Entity Name              ; fullproject                             ;
; Family                             ; Cyclone II                              ;
; Device                             ; EP2C20F484C7                            ;
; Timing Models                      ; Final                                   ;
; Met timing requirements            ; Yes                                     ;
; Total logic elements               ; 4 / 18,752 ( < 1 % )                    ;
;     Total combinational functions  ; 4 / 18,752 ( < 1 % )                    ;
;     Dedicated logic registers      ; 0 / 18,752 ( 0 % )                      ;
; Total registers                    ; 0                                       ;
; Total pins                         ; 10 / 315 ( 3 % )                        ;
; Total virtual pins                 ; 0                                       ;
; Total memory bits                  ; 0 / 239,616 ( 0 % )                     ;
; Embedded Multiplier 9-bit elements ; 0 / 52 ( 0 % )                          ;
; Total PLLs                         ; 0 / 4 ( 0 % )                           ;
+------------------------------------+-----------------------------------------+


+----------------------------------------------+
; Flow Settings                                ;
+-------------------+--------------------------+
; Option            ; Setting                  ;
+-------------------+--------------------------+
; Start date & time ; 09/06/2023 23:45:06      ;
; Main task         ; Compilation              ;
; Revision Name     ; One_bit_adder_subtractor ;
+-------------------+--------------------------+


+--------------------------------------------------------------------------------------------------------------------------------+
; Flow Non-Default Global Settings                                                                                               ;
+------------------------------------+---------------------------------+--------------------------+-------------+----------------+
; Assignment Name                    ; Value                           ; Default Value            ; Entity Name ; Section Id     ;
+------------------------------------+---------------------------------+--------------------------+-------------+----------------+
; COMPILER_SIGNATURE_ID              ; 234025576774300.169403310639004 ; --                       ; --          ; --             ;
; MAX_CORE_JUNCTION_TEMP             ; 85                              ; --                       ; --          ; --             ;
; MIN_CORE_JUNCTION_TEMP             ; 0                               ; --                       ; --          ; --             ;
; PARTITION_COLOR                    ; 16764057                        ; --                       ; fullproject ; Top            ;
; PARTITION_NETLIST_TYPE             ; SOURCE                          ; --                       ; fullproject ; Top            ;
; TOP_LEVEL_ENTITY                   ; fullproject                     ; One_bit_adder_subtractor ; --          ; --             ;
; USE_GENERATED_PHYSICAL_CONSTRAINTS ; Off                             ; --                       ; --          ; eda_blast_fpga ;
+------------------------------------+---------------------------------+--------------------------+-------------+----------------+


+-----------------------------------------------------------------------------------------------------------------------------+
; Flow Elapsed Time                                                                                                           ;
+-------------------------+--------------+-------------------------+---------------------+------------------------------------+
; Module Name             ; Elapsed Time ; Average Processors Used ; Peak Virtual Memory ; Total CPU Time (on all processors) ;
+-------------------------+--------------+-------------------------+---------------------+------------------------------------+
; Analysis & Synthesis    ; 00:00:01     ; 1.0                     ; 229 MB              ; 00:00:00                           ;
; Fitter                  ; 00:00:03     ; 1.0                     ; 284 MB              ; 00:00:00                           ;
; Assembler               ; 00:00:02     ; 1.0                     ; 246 MB              ; 00:00:01                           ;
; Classic Timing Analyzer ; 00:00:01     ; 1.0                     ; 182 MB              ; 00:00:00                           ;
; Total                   ; 00:00:07     ; --                      ; --                  ; 00:00:01                           ;
+-------------------------+--------------+-------------------------+---------------------+------------------------------------+


+------------------------------------------------------------------------------------------+
; Flow OS Summary                                                                          ;
+-------------------------+------------------+---------------+------------+----------------+
; Module Name             ; Machine Hostname ; OS Name       ; OS Version ; Processor type ;
+-------------------------+------------------+---------------+------------+----------------+
; Analysis & Synthesis    ; HebaMustafa      ; Windows Vista ; 6.2        ; x86_64         ;
; Fitter                  ; HebaMustafa      ; Windows Vista ; 6.2        ; x86_64         ;
; Assembler               ; HebaMustafa      ; Windows Vista ; 6.2        ; x86_64         ;
; Classic Timing Analyzer ; HebaMustafa      ; Windows Vista ; 6.2        ; x86_64         ;
+-------------------------+------------------+---------------+------------+----------------+


------------
; Flow Log ;
------------
quartus_map --read_settings_files=on --write_settings_files=off One_bit_adder_subtractor -c One_bit_adder_subtractor
quartus_fit --read_settings_files=off --write_settings_files=off One_bit_adder_subtractor -c One_bit_adder_subtractor
quartus_asm --read_settings_files=off --write_settings_files=off One_bit_adder_subtractor -c One_bit_adder_subtractor
quartus_tan --read_settings_files=off --write_settings_files=off One_bit_adder_subtractor -c One_bit_adder_subtractor --timing_analysis_only



